<?xml version="1.0" encoding="UTF-8"?>
<!-- Generated by org.testng.reporters.JUnitXMLReporter -->
<testsuite hostname="TRI03L-5TH09Z1" ignored="4" name="Test" tests="5" failures="3" timestamp="16 Aug 2020 04:17:41 GMT" time="28.953" errors="0">
  <testcase name="login" time="9.285" classname="Parallel_Testing.HubSpotTest"/>
  <testcase name="login" time="0.0" classname="Parallel_Testing.BoxLogin">
    <failure type="java.lang.NullPointerException">
      <![CDATA[java.lang.NullPointerException
at Parallel_Testing.BoxLogin.login(BoxLogin.java:19)
... Removed 25 stack frames]]>
    </failure>
  </testcase> <!-- login -->
  <testcase name="login" time="0.004" classname="Parallel_Testing.PimsTest">
    <failure type="java.lang.NullPointerException">
      <![CDATA[java.lang.NullPointerException
at Parallel_Testing.PimsTest.login(PimsTest.java:15)
... Removed 25 stack frames]]>
    </failure>
  </testcase> <!-- login -->
  <testcase name="contacts" time="9.649" classname="Parallel_Testing.HubSpotTest"/>
  <testcase name="getTitle" time="0.001" classname="Parallel_Testing.PimsTest">
    <failure type="java.lang.NullPointerException">
      <![CDATA[java.lang.NullPointerException
at Parallel_Testing.PimsTest.getTitle(PimsTest.java:23)
... Removed 25 stack frames]]>
    </failure>
  </testcase> <!-- getTitle -->
  <testcase name="@BeforeTest setup" time="0.0" classname="Parallel_Testing.BaseTest">
    <ignored/>
  </testcase> <!-- @BeforeTest setup -->
  <testcase name="@BeforeTest setup" time="0.0" classname="Parallel_Testing.BaseTest">
    <ignored/>
  </testcase> <!-- @BeforeTest setup -->
  <testcase name="@AfterTest tearDown" time="0.0" classname="Parallel_Testing.BaseTest">
    <ignored/>
  </testcase> <!-- @AfterTest tearDown -->
  <testcase name="@AfterTest tearDown" time="0.0" classname="Parallel_Testing.BaseTest">
    <ignored/>
  </testcase> <!-- @AfterTest tearDown -->
</testsuite> <!-- Test -->
