<?xml version="1.0" encoding="UTF-8"?>
<!-- Generated by org.testng.reporters.JUnitXMLReporter -->
<testsuite ignored="0" hostname="INLAVR9W92" failures="1" tests="1" name="BoxLogin Test" time="28.502" errors="0" timestamp="13 Apr 2022 14:42:27 GMT">
  <testcase classname="Parallel_Testing.BoxLogin" name="login" time="21.204">
    <failure type="org.openqa.selenium.WebDriverException" message="Reached error page: about:neterror?e=netTimeout&amp;amp;u=https%3A//account.box.com/login%3Fredirect_url%3D%252F&amp;amp;c=UTF-8&amp;amp;d=The%20server%20at%20account.box.com%20is%20taking%20too%20long%20to%20respond.
Build info: version: &amp;apos;3.141.59&amp;apos;, revision: &amp;apos;e82be7d358&amp;apos;, time: &amp;apos;2018-11-14T08:17:03&amp;apos;
System info: host: &amp;apos;INLAVR9W92&amp;apos;, ip: &amp;apos;192.168.1.4&amp;apos;, os.name: &amp;apos;Windows 10&amp;apos;, os.arch: &amp;apos;amd64&amp;apos;, os.version: &amp;apos;10.0&amp;apos;, java.version: &amp;apos;16.0.1&amp;apos;
Driver info: org.openqa.selenium.firefox.FirefoxDriver
Capabilities {acceptInsecureCerts: true, browserName: firefox, browserVersion: 99.0, javascriptEnabled: true, moz:accessibilityChecks: false, moz:buildID: 20220330194208, moz:geckodriverVersion: 0.31.0, moz:headless: false, moz:processID: 25636, moz:profile: C:\Users\RPERAB~1\AppData\L..., moz:shutdownTimeout: 60000, moz:useNonSpecCompliantPointerOrigin: false, moz:webdriverClick: true, pageLoadStrategy: normal, platform: WINDOWS, platformName: WINDOWS, platformVersion: 10.0, proxy: Proxy(), setWindowRect: true, strictFileInteractability: false, timeouts: {implicit: 0, pageLoad: 300000, script: 30000}, unhandledPromptBehavior: dismiss and notify}
Session ID: a020278c-8982-4a5d-b10c-5badd4772514">
      <![CDATA[org.openqa.selenium.WebDriverException: Reached error page: about:neterror?e=netTimeout&u=https%3A//account.box.com/login%3Fredirect_url%3D%252F&c=UTF-8&d=The%20server%20at%20account.box.com%20is%20taking%20too%20long%20to%20respond.
Build info: version: '3.141.59', revision: 'e82be7d358', time: '2018-11-14T08:17:03'
System info: host: 'INLAVR9W92', ip: '192.168.1.4', os.name: 'Windows 10', os.arch: 'amd64', os.version: '10.0', java.version: '16.0.1'
Driver info: org.openqa.selenium.firefox.FirefoxDriver
Capabilities {acceptInsecureCerts: true, browserName: firefox, browserVersion: 99.0, javascriptEnabled: true, moz:accessibilityChecks: false, moz:buildID: 20220330194208, moz:geckodriverVersion: 0.31.0, moz:headless: false, moz:processID: 25636, moz:profile: C:\Users\RPERAB~1\AppData\L..., moz:shutdownTimeout: 60000, moz:useNonSpecCompliantPointerOrigin: false, moz:webdriverClick: true, pageLoadStrategy: normal, platform: WINDOWS, platformName: WINDOWS, platformVersion: 10.0, proxy: Proxy(), setWindowRect: true, strictFileInteractability: false, timeouts: {implicit: 0, pageLoad: 300000, script: 30000}, unhandledPromptBehavior: dismiss and notify}
Session ID: a020278c-8982-4a5d-b10c-5badd4772514
at org.openqa.selenium.remote.http.W3CHttpResponseCodec.createException(W3CHttpResponseCodec.java:187)
at org.openqa.selenium.remote.http.W3CHttpResponseCodec.decode(W3CHttpResponseCodec.java:122)
at org.openqa.selenium.remote.http.W3CHttpResponseCodec.decode(W3CHttpResponseCodec.java:49)
at org.openqa.selenium.remote.HttpCommandExecutor.execute(HttpCommandExecutor.java:158)
at org.openqa.selenium.remote.service.DriverCommandExecutor.execute(DriverCommandExecutor.java:83)
at org.openqa.selenium.remote.RemoteWebDriver.execute(RemoteWebDriver.java:552)
at org.openqa.selenium.remote.RemoteWebDriver.get(RemoteWebDriver.java:277)
at Parallel_Testing.BoxLogin.login(BoxLogin.java:17)
... Removed 30 stack frames]]>
    </failure>
  </testcase> <!-- login -->
</testsuite> <!-- BoxLogin Test -->
